# JRE version: Java(TM) SE Runtime Environment (8.0_45-b15) (build 1.8.0_45-b15)
# Java VM: Java HotSpot(TM) 64-Bit Server VM (25.45-b02 mixed mode windows-amd64 compressed oops)
Heap:
 PSYoungGen      total 107520K, used 89753K [0x00000000eab00000, 0x00000000f4280000, 0x0000000100000000)
  eden space 94208K, 81% used [0x00000000eab00000,0x00000000ef5ab378,0x00000000f0700000)
  from space 13312K, 99% used [0x00000000f0700000,0x00000000f13fb370,0x00000000f1400000)
  to   space 15360K, 0% used [0x00000000f3380000,0x00000000f3380000,0x00000000f4280000)
 ParOldGen       total 58880K, used 17741K [0x00000000c0000000, 0x00000000c3980000, 0x00000000eab00000)
  object space 58880K, 30% used [0x00000000c0000000,0x00000000c1153480,0x00000000c3980000)
 Metaspace       used 41364K, capacity 42432K, committed 42624K, reserved 1085440K
  class space    used 5683K, capacity 5945K, committed 6016K, reserved 1048576K
GC Heap History (10 events):
Event: 61.706 GC heap before
{Heap before GC invocations=13 (full 1):
 PSYoungGen      total 67584K, used 67476K [0x00000000eab00000, 0x00000000f0600000, 0x0000000100000000)
  eden space 60928K, 100% used [0x00000000eab00000,0x00000000ee680000,0x00000000ee680000)
  from space 6656K, 98% used [0x00000000ee680000,0x00000000eece5278,0x00000000eed00000)
  to   space 7680K, 0% used [0x00000000efe80000,0x00000000efe80000,0x00000000f0600000)
 ParOldGen       total 38400K, used 9196K [0x00000000c0000000, 0x00000000c2580000, 0x00000000eab00000)
  object space 38400K, 23% used [0x00000000c0000000,0x00000000c08fb0d0,0x00000000c2580000)
 Metaspace       used 29912K, capacity 30512K, committed 30592K, reserved 1075200K
  class space    used 3995K, capacity 4157K, committed 4224K, reserved 1048576K
Event: 61.878 GC heap after
Heap after GC invocations=13 (full 1):
 PSYoungGen      total 83456K, used 7669K [0x00000000eab00000, 0x00000000f0a80000, 0x0000000100000000)
  eden space 75776K, 0% used [0x00000000eab00000,0x00000000eab00000,0x00000000ef500000)
  from space 7680K, 99% used [0x00000000efe80000,0x00000000f05fd5f8,0x00000000f0600000)
  to   space 9728K, 0% used [0x00000000ef500000,0x00000000ef500000,0x00000000efe80000)
 ParOldGen       total 38400K, used 11732K [0x00000000c0000000, 0x00000000c2580000, 0x00000000eab00000)
  object space 38400K, 30% used [0x00000000c0000000,0x00000000c0b750c8,0x00000000c2580000)
 Metaspace       used 29912K, capacity 30512K, committed 30592K, reserved 1075200K
  class space    used 3995K, capacity 4157K, committed 4224K, reserved 1048576K
}
Event: 83.683 GC heap before
{Heap before GC invocations=14 (full 1):
 PSYoungGen      total 83456K, used 83445K [0x00000000eab00000, 0x00000000f0a80000, 0x0000000100000000)
  eden space 75776K, 100% used [0x00000000eab00000,0x00000000ef500000,0x00000000ef500000)
  from space 7680K, 99% used [0x00000000efe80000,0x00000000f05fd5f8,0x00000000f0600000)
  to   space 9728K, 0% used [0x00000000ef500000,0x00000000ef500000,0x00000000efe80000)
 ParOldGen       total 38400K, used 11732K [0x00000000c0000000, 0x00000000c2580000, 0x00000000eab00000)
  object space 38400K, 30% used [0x00000000c0000000,0x00000000c0b750c8,0x00000000c2580000)
 Metaspace       used 33282K, capacity 33950K, committed 34176K, reserved 1079296K
  class space    used 4440K, capacity 4664K, committed 4736K, reserved 1048576K
Event: 83.771 GC heap after
Heap after GC invocations=14 (full 1):
 PSYoungGen      total 85504K, used 9708K [0x00000000eab00000, 0x00000000f2000000, 0x0000000100000000)
  eden space 75776K, 0% used [0x00000000eab00000,0x00000000eab00000,0x00000000ef500000)
  from space 9728K, 99% used [0x00000000ef500000,0x00000000efe7b070,0x00000000efe80000)
  to   space 12288K, 0% used [0x00000000f1400000,0x00000000f1400000,0x00000000f2000000)
 ParOldGen       total 38400K, used 14123K [0x00000000c0000000, 0x00000000c2580000, 0x00000000eab00000)
  object space 38400K, 36% used [0x00000000c0000000,0x00000000c0dcac68,0x00000000c2580000)
 Metaspace       used 33282K, capacity 33950K, committed 34176K, reserved 1079296K
  class space    used 4440K, capacity 4664K, committed 4736K, reserved 1048576K
}
Event: 86.219 GC heap before
{Heap before GC invocations=15 (full 1):
 PSYoungGen      total 85504K, used 27622K [0x00000000eab00000, 0x00000000f2000000, 0x0000000100000000)
  eden space 75776K, 23% used [0x00000000eab00000,0x00000000ebc7ea80,0x00000000ef500000)
  from space 9728K, 99% used [0x00000000ef500000,0x00000000efe7b070,0x00000000efe80000)
  to   space 12288K, 0% used [0x00000000f1400000,0x00000000f1400000,0x00000000f2000000)
 ParOldGen       total 38400K, used 14123K [0x00000000c0000000, 0x00000000c2580000, 0x00000000eab00000)
  object space 38400K, 36% used [0x00000000c0000000,0x00000000c0dcac68,0x00000000c2580000)
 Metaspace       used 34711K, capacity 35432K, committed 35496K, reserved 1079296K
  class space    used 4634K, capacity 4833K, committed 4864K, reserved 1048576K
Event: 86.277 GC heap after
Heap after GC invocations=15 (full 1):
 PSYoungGen      total 106496K, used 10672K [0x00000000eab00000, 0x00000000f2400000, 0x0000000100000000)
  eden space 94208K, 0% used [0x00000000eab00000,0x00000000eab00000,0x00000000f0700000)
  from space 12288K, 86% used [0x00000000f1400000,0x00000000f1e6c348,0x00000000f2000000)
  to   space 13312K, 0% used [0x00000000f0700000,0x00000000f0700000,0x00000000f1400000)
 ParOldGen       total 38400K, used 14483K [0x00000000c0000000, 0x00000000c2580000, 0x00000000eab00000)
  object space 38400K, 37% used [0x00000000c0000000,0x00000000c0e24c88,0x00000000c2580000)
 Metaspace       used 34711K, capacity 35432K, committed 35496K, reserved 1079296K
  class space    used 4634K, capacity 4833K, committed 4864K, reserved 1048576K
}
Event: 86.277 GC heap before
{Heap before GC invocations=16 (full 2):
 PSYoungGen      total 106496K, used 10672K [0x00000000eab00000, 0x00000000f2400000, 0x0000000100000000)
  eden space 94208K, 0% used [0x00000000eab00000,0x00000000eab00000,0x00000000f0700000)
  from space 12288K, 86% used [0x00000000f1400000,0x00000000f1e6c348,0x00000000f2000000)
  to   space 13312K, 0% used [0x00000000f0700000,0x00000000f0700000,0x00000000f1400000)
 ParOldGen       total 38400K, used 14483K [0x00000000c0000000, 0x00000000c2580000, 0x00000000eab00000)
  object space 38400K, 37% used [0x00000000c0000000,0x00000000c0e24c88,0x00000000c2580000)
 Metaspace       used 34711K, capacity 35432K, committed 35496K, reserved 1079296K
  class space    used 4634K, capacity 4833K, committed 4864K, reserved 1048576K
Event: 86.626 GC heap after
Heap after GC invocations=16 (full 2):
 PSYoungGen      total 106496K, used 0K [0x00000000eab00000, 0x00000000f2400000, 0x0000000100000000)
  eden space 94208K, 0% used [0x00000000eab00000,0x00000000eab00000,0x00000000f0700000)
  from space 12288K, 0% used [0x00000000f1400000,0x00000000f1400000,0x00000000f2000000)
  to   space 13312K, 0% used [0x00000000f0700000,0x00000000f0700000,0x00000000f1400000)
 ParOldGen       total 58880K, used 17613K [0x00000000c0000000, 0x00000000c3980000, 0x00000000eab00000)
  object space 58880K, 29% used [0x00000000c0000000,0x00000000c1133458,0x00000000c3980000)
 Metaspace       used 34691K, capacity 35410K, committed 35496K, reserved 1079296K
  class space    used 4628K, capacity 4827K, committed 4864K, reserved 1048576K
}
Event: 95.752 GC heap before
{Heap before GC invocations=17 (full 2):
 PSYoungGen      total 106496K, used 94208K [0x00000000eab00000, 0x00000000f2400000, 0x0000000100000000)
  eden space 94208K, 100% used [0x00000000eab00000,0x00000000f0700000,0x00000000f0700000)
  from space 12288K, 0% used [0x00000000f1400000,0x00000000f1400000,0x00000000f2000000)
  to   space 13312K, 0% used [0x00000000f0700000,0x00000000f0700000,0x00000000f1400000)
 ParOldGen       total 58880K, used 17613K [0x00000000c0000000, 0x00000000c3980000, 0x00000000eab00000)
  object space 58880K, 29% used [0x00000000c0000000,0x00000000c1133458,0x00000000c3980000)
 Metaspace       used 38540K, capacity 39442K, committed 39552K, reserved 1083392K
  class space    used 5215K, capacity 5432K, committed 5504K, reserved 1048576K
Event: 95.837 GC heap after
Heap after GC invocations=17 (full 2):
 PSYoungGen      total 107520K, used 13292K [0x00000000eab00000, 0x00000000f4280000, 0x0000000100000000)
  eden space 94208K, 0% used [0x00000000eab00000,0x00000000eab00000,0x00000000f0700000)
  from space 13312K, 99% used [0x00000000f0700000,0x00000000f13fb370,0x00000000f1400000)
  to   space 15360K, 0% used [0x00000000f3380000,0x00000000f3380000,0x00000000f4280000)
 ParOldGen       total 58880K, used 17741K [0x00000000c0000000, 0x00000000c3980000, 0x00000000eab00000)
  object space 58880K, 30% used [0x00000000c0000000,0x00000000c1153480,0x00000000c3980000)
 Metaspace       used 38540K, capacity 39442K, committed 39552K, reserved 1083392K
  class space    used 5215K, capacity 5432K, committed 5504K, reserved 1048576K
}

